2020-05-18 14:42:27 [StatisticWorker] !!!!!!!!!!!!!!!!!!!!Master has gone !!!!!!!!!!!!!!!!!
2020-05-18 14:42:27 [TestThriftClientWorker] !!!!!!!!!!!!!!!!!!!!Master has gone !!!!!!!!!!!!!!!!!
2020-05-18 14:42:27 [JmTextWorker] !!!!!!!!!!!!!!!!!!!!Master has gone !!!!!!!!!!!!!!!!!
2020-05-18 14:42:27 [JumeiWorker] !!!!!!!!!!!!!!!!!!!!Master has gone !!!!!!!!!!!!!!!!!
2020-05-18 14:42:27 [Monitor] !!!!!!!!!!!!!!!!!!!!Master has gone !!!!!!!!!!!!!!!!!
2020-05-18 14:42:27 [JmTextWorker] !!!!!!!!!!!!!!!!!!!!Master has gone !!!!!!!!!!!!!!!!!
2020-05-18 14:42:27 [TestClientWorker] !!!!!!!!!!!!!!!!!!!!Master has gone !!!!!!!!!!!!!!!!!
2020-05-18 14:42:27 [QuotaAgent] !!!!!!!!!!!!!!!!!!!!Master has gone !!!!!!!!!!!!!!!!!
2020-05-18 14:42:27 [JumeiWorker] !!!!!!!!!!!!!!!!!!!!Master has gone !!!!!!!!!!!!!!!!!
2020-05-18 14:42:27 [JmTextWorker] !!!!!!!!!!!!!!!!!!!!Master has gone !!!!!!!!!!!!!!!!!
2020-05-18 14:42:27 [ThriftWorker] !!!!!!!!!!!!!!!!!!!!Master has gone !!!!!!!!!!!!!!!!!
2020-05-18 14:42:27 [JumeiWorker] !!!!!!!!!!!!!!!!!!!!Master has gone !!!!!!!!!!!!!!!!!
2020-05-18 14:42:27 [ThriftWorker] !!!!!!!!!!!!!!!!!!!!Master has gone !!!!!!!!!!!!!!!!!
2020-05-18 14:42:27 [ThriftWorker] !!!!!!!!!!!!!!!!!!!!Master has gone !!!!!!!!!!!!!!!!!
2020-05-18 14:42:27 [ThriftWorker] !!!!!!!!!!!!!!!!!!!!Master has gone !!!!!!!!!!!!!!!!!
2020-05-18 14:42:27 [JumeiWorker] !!!!!!!!!!!!!!!!!!!!Master has gone !!!!!!!!!!!!!!!!!
2020-05-18 14:42:27 [StatisticGlobal] !!!!!!!!!!!!!!!!!!!!Master has gone !!!!!!!!!!!!!!!!!
2020-05-18 14:42:27 [FileMonitor] !!!!!!!!!!!!!!!!!!!!Master has gone !!!!!!!!!!!!!!!!!
2020-05-18 14:42:27 [StatisticProvider] !!!!!!!!!!!!!!!!!!!!Master has gone !!!!!!!!!!!!!!!!!
2020-05-18 14:42:27 [ThriftWorker] !!!!!!!!!!!!!!!!!!!!Master has gone !!!!!!!!!!!!!!!!!
2020-05-18 14:42:27 [JumeiWorker] !!!!!!!!!!!!!!!!!!!!Master has gone !!!!!!!!!!!!!!!!!
