2020-12-31 11:51:14 Server notice:Server is starting ...
2020-12-31 11:51:14 Server notice:Server start success ...
2020-12-31 11:51:14 [ThriftWorker] provider_dir /home/demo/service_demo/Provider not exsits
2020-12-31 11:51:14 [ThriftWorker] provider_dir /home/demo/service_demo/Provider not exsits
2020-12-31 11:51:14 [ThriftWorker] provider_dir /home/demo/service_demo/Provider not exsits
2020-12-31 11:51:14 [ThriftWorker] provider_dir /home/demo/service_demo/Provider not exsits
2020-12-31 11:51:14 [ThriftWorker] provider_dir /home/demo/service_demo/Provider not exsits
2020-12-31 11:51:14 [ThriftWorker] handler_dir/home/demo/service_demo/Handler not exsits
2020-12-31 11:51:14 [ThriftWorker] handler_dir/home/demo/service_demo/Handler not exsits
2020-12-31 11:51:14 [ThriftWorker] handler_dir/home/demo/service_demo/Handler not exsits
2020-12-31 11:51:14 [ThriftWorker] handler_dir/home/demo/service_demo/Handler not exsits
2020-12-31 11:51:14 [ThriftWorker] handler_dir/home/demo/service_demo/Handler not exsits
2020-12-31 11:53:14 [JmTextWorker] WORKER EXIT UNEXPECTED  1 Uncaught Error: Class 'Config\Redis' not found in /Users/haolin/work/basicService/php/ServiceBase/Vendor/Redis/RedisMultiStorage.php:20
Stack trace:
#0 /Users/haolin/work/basicService/php/ServiceBase/Module/ModuleBase.php(67): Redis\RedisMultiStorage::getInstance('default')
#1 /Users/haolin/work/basicService/php/ServiceBase/Module/TestModule.php(42): Module\ModuleBase->redis('default')
#2 /Users/haolin/work/basicService/php/ServiceBase/Handler/Test.php(31): Module\TestModule->getTestData('abc')
#3 /Users/haolin/work/basicService/php/Vendor/PHPServer/workers/JmTextWorker.php(130): Handler\Test->test('abc')
#4 /Users/haolin/work/basicService/php/Vendor/PHPServer/workers/RpcWorker.php(139): JmTextWorker->process(Array)
#5 /Users/haolin/work/basicService/php/Vendor/PHPServer/core/PHPServerWorker.php(436): RpcWorker->dealProcess('3\nRPC\n284\n{"dat...')
#6 /Users/haolin/work/basicService/php/Vendor/PHPServer/core/events/Select.php(229): PHPServerWorker->dealInputBase(Resource id #63, 295, '3\nRPC\n284\n{"dat...',  in /Users/haolin/work/basicService/php/ServiceBase/Vendor/Redis/RedisMultiStorage.php on line 20
2020-12-31 11:53:14 Server notice:worker exit status 65280 pid:1265 worker:ServiceBase
